<?xml version="1.0" encoding="UTF-8"?>
<coverage generated="1779350330284" clover="3.2.0">
  <project timestamp="1779350330284" name="All files">
    <metrics statements="31" coveredstatements="27" conditionals="25" coveredconditionals="18" methods="15" coveredmethods="13" elements="71" coveredelements="58" complexity="0" loc="31" ncloc="31" packages="3" files="5" classes="5"/>
    <package name="components">
      <metrics statements="14" coveredstatements="10" conditionals="15" coveredconditionals="8" methods="9" coveredmethods="7"/>
      <file name="Footer.jsx" path="D:\shi\frontend\airline-web-spa\src\components\Footer.jsx">
        <metrics statements="1" coveredstatements="1" conditionals="0" coveredconditionals="0" methods="1" coveredmethods="1"/>
        <line num="4" count="1" type="stmt"/>
      </file>
      <file name="Header.jsx" path="D:\shi\frontend\airline-web-spa\src\components\Header.jsx">
        <metrics statements="12" coveredstatements="8" conditionals="15" coveredconditionals="8" methods="7" coveredmethods="5"/>
        <line num="6" count="1" type="stmt"/>
        <line num="7" count="1" type="stmt"/>
        <line num="9" count="1" type="stmt"/>
        <line num="10" count="0" type="stmt"/>
        <line num="11" count="0" type="stmt"/>
        <line num="12" count="0" type="stmt"/>
        <line num="15" count="1" type="stmt"/>
        <line num="20" count="1" type="cond" truecount="1" falsecount="1"/>
        <line num="21" count="1" type="cond" truecount="1" falsecount="1"/>
        <line num="22" count="1" type="cond" truecount="1" falsecount="1"/>
        <line num="24" count="1" type="cond" truecount="1" falsecount="1"/>
        <line num="35" count="0" type="cond" truecount="0" falsecount="2"/>
      </file>
      <file name="InputField.jsx" path="D:\shi\frontend\airline-web-spa\src\components\InputField.jsx">
        <metrics statements="1" coveredstatements="1" conditionals="0" coveredconditionals="0" methods="1" coveredmethods="1"/>
        <line num="10" count="2" type="stmt"/>
      </file>
    </package>
    <package name="pages">
      <metrics statements="1" coveredstatements="1" conditionals="0" coveredconditionals="0" methods="1" coveredmethods="1"/>
      <file name="Home.jsx" path="D:\shi\frontend\airline-web-spa\src\pages\Home.jsx">
        <metrics statements="1" coveredstatements="1" conditionals="0" coveredconditionals="0" methods="1" coveredmethods="1"/>
        <line num="4" count="2" type="stmt"/>
      </file>
    </package>
    <package name="services">
      <metrics statements="16" coveredstatements="16" conditionals="10" coveredconditionals="10" methods="5" coveredmethods="5"/>
      <file name="flightService.js" path="D:\shi\frontend\airline-web-spa\src\services\flightService.js">
        <metrics statements="16" coveredstatements="16" conditionals="10" coveredconditionals="10" methods="5" coveredmethods="5"/>
        <line num="1" count="1" type="stmt"/>
        <line num="4" count="2" type="stmt"/>
        <line num="5" count="2" type="cond" truecount="2" falsecount="0"/>
        <line num="6" count="1" type="stmt"/>
        <line num="10" count="2" type="stmt"/>
        <line num="11" count="2" type="cond" truecount="2" falsecount="0"/>
        <line num="12" count="1" type="stmt"/>
        <line num="16" count="2" type="stmt"/>
        <line num="21" count="2" type="cond" truecount="2" falsecount="0"/>
        <line num="22" count="1" type="stmt"/>
        <line num="26" count="2" type="stmt"/>
        <line num="31" count="2" type="cond" truecount="2" falsecount="0"/>
        <line num="32" count="1" type="stmt"/>
        <line num="36" count="2" type="stmt"/>
        <line num="39" count="2" type="cond" truecount="2" falsecount="0"/>
        <line num="40" count="1" type="stmt"/>
      </file>
    </package>
  </project>
</coverage>
