{"D:\\shi\\frontend\\airline-web-spa\\src\\components\\Footer.jsx": {"path":"D:\\shi\\frontend\\airline-web-spa\\src\\components\\Footer.jsx","statementMap":{"0":{"start":{"line":4,"column":4},"end":{"line":7,"column":null}}},"fnMap":{"0":{"name":"Footer","decl":{"start":{"line":3,"column":24},"end":{"line":3,"column":33}},"loc":{"start":{"line":3,"column":33},"end":{"line":7,"column":null}},"line":3}},"branchMap":{},"s":{"0":1},"f":{"0":1},"b":{},"meta":{"lastBranch":0,"lastFunction":1,"lastStatement":1,"seen":{"f:3:24:3:33":0,"s:4:4:7:Infinity":0}}}
,"D:\\shi\\frontend\\airline-web-spa\\src\\components\\Header.jsx": {"path":"D:\\shi\\frontend\\airline-web-spa\\src\\components\\Header.jsx","statementMap":{"0":{"start":{"line":6,"column":18},"end":{"line":6,"column":38}},"1":{"start":{"line":7,"column":10},"end":{"line":7,"column":34}},"2":{"start":{"line":9,"column":10},"end":{"line":12,"column":null}},"3":{"start":{"line":10,"column":8},"end":{"line":10,"column":null}},"4":{"start":{"line":11,"column":8},"end":{"line":11,"column":null}},"5":{"start":{"line":12,"column":8},"end":{"line":12,"column":null}},"6":{"start":{"line":15,"column":4},"end":{"line":38,"column":null}},"7":{"start":{"line":20,"column":70},"end":{"line":20,"column":97}},"8":{"start":{"line":21,"column":77},"end":{"line":21,"column":104}},"9":{"start":{"line":22,"column":79},"end":{"line":22,"column":106}},"10":{"start":{"line":24,"column":79},"end":{"line":24,"column":106}},"11":{"start":{"line":35,"column":79},"end":{"line":35,"column":106}}},"fnMap":{"0":{"name":"Header","decl":{"start":{"line":5,"column":24},"end":{"line":5,"column":33}},"loc":{"start":{"line":5,"column":33},"end":{"line":38,"column":null}},"line":5},"1":{"name":"(anonymous_1)","decl":{"start":{"line":9,"column":10},"end":{"line":9,"column":26}},"loc":{"start":{"line":9,"column":32},"end":{"line":12,"column":null}},"line":9},"2":{"name":"(anonymous_2)","decl":{"start":{"line":20,"column":40},"end":{"line":20,"column":52}},"loc":{"start":{"line":20,"column":70},"end":{"line":20,"column":97}},"line":20},"3":{"name":"(anonymous_3)","decl":{"start":{"line":21,"column":47},"end":{"line":21,"column":59}},"loc":{"start":{"line":21,"column":77},"end":{"line":21,"column":104}},"line":21},"4":{"name":"(anonymous_4)","decl":{"start":{"line":22,"column":49},"end":{"line":22,"column":61}},"loc":{"start":{"line":22,"column":79},"end":{"line":22,"column":106}},"line":22},"5":{"name":"(anonymous_5)","decl":{"start":{"line":24,"column":49},"end":{"line":24,"column":61}},"loc":{"start":{"line":24,"column":79},"end":{"line":24,"column":106}},"line":24},"6":{"name":"(anonymous_6)","decl":{"start":{"line":35,"column":49},"end":{"line":35,"column":61}},"loc":{"start":{"line":35,"column":79},"end":{"line":35,"column":106}},"line":35}},"branchMap":{"0":{"loc":{"start":{"line":20,"column":70},"end":{"line":20,"column":97}},"type":"cond-expr","locations":[{"start":{"line":20,"column":81},"end":{"line":20,"column":92}},{"start":{"line":20,"column":92},"end":{"line":20,"column":97}}],"line":20},"1":{"loc":{"start":{"line":21,"column":77},"end":{"line":21,"column":104}},"type":"cond-expr","locations":[{"start":{"line":21,"column":88},"end":{"line":21,"column":99}},{"start":{"line":21,"column":99},"end":{"line":21,"column":104}}],"line":21},"2":{"loc":{"start":{"line":22,"column":79},"end":{"line":22,"column":106}},"type":"cond-expr","locations":[{"start":{"line":22,"column":90},"end":{"line":22,"column":101}},{"start":{"line":22,"column":101},"end":{"line":22,"column":106}}],"line":22},"3":{"loc":{"start":{"line":23,"column":21},"end":{"line":24,"column":null}},"type":"binary-expr","locations":[{"start":{"line":23,"column":21},"end":{"line":23,"column":29}},{"start":{"line":23,"column":29},"end":{"line":23,"column":null}},{"start":{"line":24,"column":24},"end":{"line":24,"column":null}}],"line":23},"4":{"loc":{"start":{"line":24,"column":79},"end":{"line":24,"column":106}},"type":"cond-expr","locations":[{"start":{"line":24,"column":90},"end":{"line":24,"column":101}},{"start":{"line":24,"column":101},"end":{"line":24,"column":106}}],"line":24},"5":{"loc":{"start":{"line":26,"column":21},"end":{"line":35,"column":null}},"type":"cond-expr","locations":[{"start":{"line":27,"column":24},"end":{"line":35,"column":25}},{"start":{"line":35,"column":24},"end":{"line":35,"column":null}}],"line":26},"6":{"loc":{"start":{"line":35,"column":79},"end":{"line":35,"column":106}},"type":"cond-expr","locations":[{"start":{"line":35,"column":90},"end":{"line":35,"column":101}},{"start":{"line":35,"column":101},"end":{"line":35,"column":106}}],"line":35}},"s":{"0":1,"1":1,"2":1,"3":0,"4":0,"5":0,"6":1,"7":1,"8":1,"9":1,"10":1,"11":0},"f":{"0":1,"1":0,"2":1,"3":1,"4":1,"5":1,"6":0},"b":{"0":[1,0],"1":[0,1],"2":[0,1],"3":[1,1,1],"4":[0,1],"5":[1,0],"6":[0,0]},"meta":{"lastBranch":7,"lastFunction":7,"lastStatement":12,"seen":{"f:5:24:5:33":0,"s:6:18:6:38":0,"s:7:10:7:34":1,"s:9:10:12:Infinity":2,"f:9:10:9:26":1,"s:10:8:10:Infinity":3,"s:11:8:11:Infinity":4,"s:12:8:12:Infinity":5,"s:15:4:38:Infinity":6,"f:20:40:20:52":2,"s:20:70:20:97":7,"b:20:81:20:92:20:92:20:97":0,"f:21:47:21:59":3,"s:21:77:21:104":8,"b:21:88:21:99:21:99:21:104":1,"f:22:49:22:61":4,"s:22:79:22:106":9,"b:22:90:22:101:22:101:22:106":2,"b:23:21:23:29:23:29:23:Infinity:24:24:24:Infinity":3,"f:24:49:24:61":5,"s:24:79:24:106":10,"b:24:90:24:101:24:101:24:106":4,"b:27:24:35:25:35:24:35:Infinity":5,"f:35:49:35:61":6,"s:35:79:35:106":11,"b:35:90:35:101:35:101:35:106":6}}}
,"D:\\shi\\frontend\\airline-web-spa\\src\\components\\InputField.jsx": {"path":"D:\\shi\\frontend\\airline-web-spa\\src\\components\\InputField.jsx","statementMap":{"0":{"start":{"line":10,"column":4},"end":{"line":24,"column":null}}},"fnMap":{"0":{"name":"InputField","decl":{"start":{"line":3,"column":24},"end":{"line":3,"column":35}},"loc":{"start":{"line":9,"column":3},"end":{"line":24,"column":null}},"line":9}},"branchMap":{},"s":{"0":2},"f":{"0":2},"b":{},"meta":{"lastBranch":0,"lastFunction":1,"lastStatement":1,"seen":{"f:3:24:3:35":0,"s:10:4:24:Infinity":0}}}
,"D:\\shi\\frontend\\airline-web-spa\\src\\pages\\Home.jsx": {"path":"D:\\shi\\frontend\\airline-web-spa\\src\\pages\\Home.jsx","statementMap":{"0":{"start":{"line":4,"column":4},"end":{"line":34,"column":null}}},"fnMap":{"0":{"name":"Home","decl":{"start":{"line":3,"column":24},"end":{"line":3,"column":31}},"loc":{"start":{"line":3,"column":31},"end":{"line":34,"column":null}},"line":3}},"branchMap":{},"s":{"0":2},"f":{"0":2},"b":{},"meta":{"lastBranch":0,"lastFunction":1,"lastStatement":1,"seen":{"f:3:24:3:31":0,"s:4:4:34:Infinity":0}}}
,"D:\\shi\\frontend\\airline-web-spa\\src\\services\\flightService.js": {"path":"D:\\shi\\frontend\\airline-web-spa\\src\\services\\flightService.js","statementMap":{"0":{"start":{"line":1,"column":16},"end":{"line":1,"column":null}},"1":{"start":{"line":4,"column":16},"end":{"line":4,"column":43}},"2":{"start":{"line":5,"column":4},"end":{"line":5,"column":null}},"3":{"start":{"line":5,"column":17},"end":{"line":5,"column":null}},"4":{"start":{"line":6,"column":4},"end":{"line":6,"column":null}},"5":{"start":{"line":10,"column":16},"end":{"line":10,"column":54}},"6":{"start":{"line":11,"column":4},"end":{"line":11,"column":null}},"7":{"start":{"line":11,"column":17},"end":{"line":11,"column":null}},"8":{"start":{"line":12,"column":4},"end":{"line":12,"column":null}},"9":{"start":{"line":16,"column":16},"end":{"line":20,"column":6}},"10":{"start":{"line":21,"column":4},"end":{"line":21,"column":null}},"11":{"start":{"line":21,"column":17},"end":{"line":21,"column":null}},"12":{"start":{"line":22,"column":4},"end":{"line":22,"column":null}},"13":{"start":{"line":26,"column":16},"end":{"line":30,"column":6}},"14":{"start":{"line":31,"column":4},"end":{"line":31,"column":null}},"15":{"start":{"line":31,"column":17},"end":{"line":31,"column":null}},"16":{"start":{"line":32,"column":4},"end":{"line":32,"column":null}},"17":{"start":{"line":36,"column":16},"end":{"line":38,"column":6}},"18":{"start":{"line":39,"column":4},"end":{"line":39,"column":null}},"19":{"start":{"line":39,"column":17},"end":{"line":39,"column":null}},"20":{"start":{"line":40,"column":4},"end":{"line":40,"column":null}}},"fnMap":{"0":{"name":"getFlights","decl":{"start":{"line":3,"column":22},"end":{"line":3,"column":35}},"loc":{"start":{"line":3,"column":35},"end":{"line":6,"column":null}},"line":3},"1":{"name":"getFlightById","decl":{"start":{"line":9,"column":22},"end":{"line":9,"column":36}},"loc":{"start":{"line":9,"column":40},"end":{"line":12,"column":null}},"line":9},"2":{"name":"createFlight","decl":{"start":{"line":15,"column":22},"end":{"line":15,"column":35}},"loc":{"start":{"line":15,"column":47},"end":{"line":22,"column":null}},"line":15},"3":{"name":"updateFlight","decl":{"start":{"line":25,"column":22},"end":{"line":25,"column":35}},"loc":{"start":{"line":25,"column":51},"end":{"line":32,"column":null}},"line":25},"4":{"name":"deleteFlight","decl":{"start":{"line":35,"column":22},"end":{"line":35,"column":35}},"loc":{"start":{"line":35,"column":39},"end":{"line":40,"column":null}},"line":35}},"branchMap":{"0":{"loc":{"start":{"line":5,"column":4},"end":{"line":5,"column":null}},"type":"if","locations":[{"start":{"line":5,"column":4},"end":{"line":5,"column":null}},{"start":{},"end":{}}],"line":5},"1":{"loc":{"start":{"line":11,"column":4},"end":{"line":11,"column":null}},"type":"if","locations":[{"start":{"line":11,"column":4},"end":{"line":11,"column":null}},{"start":{},"end":{}}],"line":11},"2":{"loc":{"start":{"line":21,"column":4},"end":{"line":21,"column":null}},"type":"if","locations":[{"start":{"line":21,"column":4},"end":{"line":21,"column":null}},{"start":{},"end":{}}],"line":21},"3":{"loc":{"start":{"line":31,"column":4},"end":{"line":31,"column":null}},"type":"if","locations":[{"start":{"line":31,"column":4},"end":{"line":31,"column":null}},{"start":{},"end":{}}],"line":31},"4":{"loc":{"start":{"line":39,"column":4},"end":{"line":39,"column":null}},"type":"if","locations":[{"start":{"line":39,"column":4},"end":{"line":39,"column":null}},{"start":{},"end":{}}],"line":39}},"s":{"0":1,"1":2,"2":2,"3":1,"4":1,"5":2,"6":2,"7":1,"8":1,"9":2,"10":2,"11":1,"12":1,"13":2,"14":2,"15":1,"16":1,"17":2,"18":2,"19":1,"20":1},"f":{"0":2,"1":2,"2":2,"3":2,"4":2},"b":{"0":[1,1],"1":[1,1],"2":[1,1],"3":[1,1],"4":[1,1]},"meta":{"lastBranch":5,"lastFunction":5,"lastStatement":21,"seen":{"s:1:16:1:Infinity":0,"f:3:22:3:35":0,"s:4:16:4:43":1,"b:5:4:5:Infinity:undefined:undefined:undefined:undefined":0,"s:5:4:5:Infinity":2,"s:5:17:5:Infinity":3,"s:6:4:6:Infinity":4,"f:9:22:9:36":1,"s:10:16:10:54":5,"b:11:4:11:Infinity:undefined:undefined:undefined:undefined":1,"s:11:4:11:Infinity":6,"s:11:17:11:Infinity":7,"s:12:4:12:Infinity":8,"f:15:22:15:35":2,"s:16:16:20:6":9,"b:21:4:21:Infinity:undefined:undefined:undefined:undefined":2,"s:21:4:21:Infinity":10,"s:21:17:21:Infinity":11,"s:22:4:22:Infinity":12,"f:25:22:25:35":3,"s:26:16:30:6":13,"b:31:4:31:Infinity:undefined:undefined:undefined:undefined":3,"s:31:4:31:Infinity":14,"s:31:17:31:Infinity":15,"s:32:4:32:Infinity":16,"f:35:22:35:35":4,"s:36:16:38:6":17,"b:39:4:39:Infinity:undefined:undefined:undefined:undefined":4,"s:39:4:39:Infinity":18,"s:39:17:39:Infinity":19,"s:40:4:40:Infinity":20}}}
}
